bundler: failed to load command: rspec (/Users/tam0013/.rbenv/versions/3.2.5/bin/rspec)
/Users/tam0013/.rbenv/versions/3.2.5/lib/ruby/gems/3.2.0/gems/bundler-2.6.7/lib/bundler/definition.rb:455:in `validate_ruby!': Your Ruby version is 3.2.5, but your Gemfile specified 3.4.3 (Bundler::RubyVersionMismatch)
	from /Users/tam0013/.rbenv/versions/3.2.5/lib/ruby/gems/3.2.0/gems/bundler-2.6.7/lib/bundler/definition.rb:430:in `validate_runtime!'
	from /Users/tam0013/.rbenv/versions/3.2.5/lib/ruby/gems/3.2.0/gems/bundler-2.6.7/lib/bundler.rb:161:in `setup'
	from /Users/tam0013/.rbenv/versions/3.2.5/lib/ruby/gems/3.2.0/gems/bundler-2.6.7/lib/bundler/setup.rb:32:in `block in <top (required)>'
	from /Users/tam0013/.rbenv/versions/3.2.5/lib/ruby/gems/3.2.0/gems/bundler-2.6.7/lib/bundler/ui/shell.rb:173:in `with_level'
	from /Users/tam0013/.rbenv/versions/3.2.5/lib/ruby/gems/3.2.0/gems/bundler-2.6.7/lib/bundler/ui/shell.rb:119:in `silence'
	from /Users/tam0013/.rbenv/versions/3.2.5/lib/ruby/gems/3.2.0/gems/bundler-2.6.7/lib/bundler/setup.rb:32:in `<top (required)>'
	from /Users/tam0013/.rbenv/versions/3.2.5/lib/ruby/gems/3.2.0/gems/bundler-2.6.7/lib/bundler/cli/exec.rb:57:in `require_relative'
	from /Users/tam0013/.rbenv/versions/3.2.5/lib/ruby/gems/3.2.0/gems/bundler-2.6.7/lib/bundler/cli/exec.rb:57:in `kernel_load'
	from /Users/tam0013/.rbenv/versions/3.2.5/lib/ruby/gems/3.2.0/gems/bundler-2.6.7/lib/bundler/cli/exec.rb:23:in `run'
	from /Users/tam0013/.rbenv/versions/3.2.5/lib/ruby/gems/3.2.0/gems/bundler-2.6.7/lib/bundler/cli.rb:452:in `exec'
	from /Users/tam0013/.rbenv/versions/3.2.5/lib/ruby/gems/3.2.0/gems/bundler-2.6.7/lib/bundler/vendor/thor/lib/thor/command.rb:28:in `run'
	from /Users/tam0013/.rbenv/versions/3.2.5/lib/ruby/gems/3.2.0/gems/bundler-2.6.7/lib/bundler/vendor/thor/lib/thor/invocation.rb:127:in `invoke_command'
	from /Users/tam0013/.rbenv/versions/3.2.5/lib/ruby/gems/3.2.0/gems/bundler-2.6.7/lib/bundler/vendor/thor/lib/thor.rb:538:in `dispatch'
	from /Users/tam0013/.rbenv/versions/3.2.5/lib/ruby/gems/3.2.0/gems/bundler-2.6.7/lib/bundler/cli.rb:35:in `dispatch'
	from /Users/tam0013/.rbenv/versions/3.2.5/lib/ruby/gems/3.2.0/gems/bundler-2.6.7/lib/bundler/vendor/thor/lib/thor/base.rb:584:in `start'
	from /Users/tam0013/.rbenv/versions/3.2.5/lib/ruby/gems/3.2.0/gems/bundler-2.6.7/lib/bundler/cli.rb:29:in `start'
	from /Users/tam0013/.rbenv/versions/3.2.5/lib/ruby/gems/3.2.0/gems/bundler-2.6.7/exe/bundle:28:in `block in <top (required)>'
	from /Users/tam0013/.rbenv/versions/3.2.5/lib/ruby/gems/3.2.0/gems/bundler-2.6.7/lib/bundler/friendly_errors.rb:117:in `with_friendly_errors'
	from /Users/tam0013/.rbenv/versions/3.2.5/lib/ruby/gems/3.2.0/gems/bundler-2.6.7/exe/bundle:20:in `<top (required)>'
	from /Users/tam0013/.rbenv/versions/3.2.5/bin/bundle:25:in `load'
	from /Users/tam0013/.rbenv/versions/3.2.5/bin/bundle:25:in `<main>'
